<?xml version="1.0" encoding="UTF-8"?>
<testng-results ignored="0" total="4" passed="4" failed="0" skipped="0">
  <reporter-output>
  </reporter-output>
  <suite started-at="2023-11-09T04:29:44 IST" name="PetSuite" finished-at="2023-11-09T04:29:57 IST" duration-ms="12331">
    <groups>
    </groups>
    <test started-at="2023-11-09T04:29:44 IST" name="PetTests" finished-at="2023-11-09T04:29:57 IST" duration-ms="12331">
      <class name="api.test.UserTests2Prop">
        <test-method is-config="true" signature="setup()[pri:0, instance:api.test.UserTests2Prop@3835c46]" started-at="2023-11-09T04:29:45 IST" name="setup" finished-at="2023-11-09T04:29:46 IST" duration-ms="1100" status="PASS">
          <reporter-output>
          </reporter-output>
        </test-method> <!-- setup -->
        <test-method signature="testPostUser()[pri:1, instance:api.test.UserTests2Prop@3835c46]" started-at="2023-11-09T04:29:46 IST" name="testPostUser" finished-at="2023-11-09T04:29:50 IST" duration-ms="4171" status="PASS">
          <reporter-output>
          </reporter-output>
        </test-method> <!-- testPostUser -->
        <test-method signature="testGetUserByName()[pri:2, instance:api.test.UserTests2Prop@3835c46]" started-at="2023-11-09T04:29:50 IST" name="testGetUserByName" finished-at="2023-11-09T04:29:52 IST" duration-ms="1714" status="PASS">
          <reporter-output>
          </reporter-output>
        </test-method> <!-- testGetUserByName -->
        <test-method signature="testUpdateUserByName()[pri:3, instance:api.test.UserTests2Prop@3835c46]" started-at="2023-11-09T04:29:52 IST" name="testUpdateUserByName" finished-at="2023-11-09T04:29:55 IST" duration-ms="3171" status="PASS">
          <reporter-output>
          </reporter-output>
        </test-method> <!-- testUpdateUserByName -->
        <test-method signature="testDeleteUserByName()[pri:4, instance:api.test.UserTests2Prop@3835c46]" started-at="2023-11-09T04:29:55 IST" name="testDeleteUserByName" finished-at="2023-11-09T04:29:57 IST" duration-ms="1837" status="PASS">
          <reporter-output>
          </reporter-output>
        </test-method> <!-- testDeleteUserByName -->
      </class> <!-- api.test.UserTests2Prop -->
    </test> <!-- PetTests -->
  </suite> <!-- PetSuite -->
</testng-results>
