<?xml version="1.0" encoding="UTF-8"?>
<testng-results ignored="0" total="4" passed="4" failed="0" skipped="0">
  <reporter-output>
  </reporter-output>
  <suite started-at="2023-11-09T02:59:23 IST" name="PetSuite" finished-at="2023-11-09T02:59:32 IST" duration-ms="8878">
    <groups>
    </groups>
    <test started-at="2023-11-09T02:59:23 IST" name="PetTests" finished-at="2023-11-09T02:59:32 IST" duration-ms="8878">
      <class name="api.test.UserTests2Prop">
        <test-method is-config="true" signature="setup()[pri:0, instance:api.test.UserTests2Prop@1a942c18]" started-at="2023-11-09T02:59:23 IST" name="setup" finished-at="2023-11-09T02:59:24 IST" duration-ms="514" status="PASS">
          <reporter-output>
          </reporter-output>
        </test-method> <!-- setup -->
        <test-method signature="testPostUser()[pri:1, instance:api.test.UserTests2Prop@1a942c18]" started-at="2023-11-09T02:59:24 IST" name="testPostUser" finished-at="2023-11-09T02:59:27 IST" duration-ms="2723" status="PASS">
          <reporter-output>
          </reporter-output>
        </test-method> <!-- testPostUser -->
        <test-method signature="testGetUserByName()[pri:2, instance:api.test.UserTests2Prop@1a942c18]" started-at="2023-11-09T02:59:27 IST" name="testGetUserByName" finished-at="2023-11-09T02:59:28 IST" duration-ms="1361" status="PASS">
          <reporter-output>
          </reporter-output>
        </test-method> <!-- testGetUserByName -->
        <test-method signature="testUpdateUserByName()[pri:3, instance:api.test.UserTests2Prop@1a942c18]" started-at="2023-11-09T02:59:28 IST" name="testUpdateUserByName" finished-at="2023-11-09T02:59:31 IST" duration-ms="2679" status="PASS">
          <reporter-output>
          </reporter-output>
        </test-method> <!-- testUpdateUserByName -->
        <test-method signature="testDeleteUserByName()[pri:4, instance:api.test.UserTests2Prop@1a942c18]" started-at="2023-11-09T02:59:31 IST" name="testDeleteUserByName" finished-at="2023-11-09T02:59:32 IST" duration-ms="1359" status="PASS">
          <reporter-output>
          </reporter-output>
        </test-method> <!-- testDeleteUserByName -->
      </class> <!-- api.test.UserTests2Prop -->
    </test> <!-- PetTests -->
  </suite> <!-- PetSuite -->
</testng-results>
