<?xml version="1.0" encoding="UTF-8"?>
<!-- Generated by org.testng.reporters.JUnitXMLReporter -->
<testsuite ignored="0" hostname="MANOJ" failures="0" tests="4" name="PetTests" time="12.331" errors="0" timestamp="2023-11-09T04:29:57 IST">
  <testcase classname="api.test.UserTests2Prop" name="testPostUser" time="4.171"/>
  <testcase classname="api.test.UserTests2Prop" name="testGetUserByName" time="1.714"/>
  <testcase classname="api.test.UserTests2Prop" name="testUpdateUserByName" time="3.171"/>
  <testcase classname="api.test.UserTests2Prop" name="testDeleteUserByName" time="1.837"/>
</testsuite> <!-- PetTests -->
