<?xml version="1.0" encoding="UTF-8"?>
<!-- Generated by org.testng.reporters.JUnitXMLReporter -->
<testsuite ignored="0" hostname="MANOJ" failures="0" tests="4" name="PetTests" time="8.878" errors="0" timestamp="2023-11-09T02:59:32 IST">
  <testcase classname="api.test.UserTests2Prop" name="testPostUser" time="2.723"/>
  <testcase classname="api.test.UserTests2Prop" name="testGetUserByName" time="1.361"/>
  <testcase classname="api.test.UserTests2Prop" name="testUpdateUserByName" time="2.679"/>
  <testcase classname="api.test.UserTests2Prop" name="testDeleteUserByName" time="1.359"/>
</testsuite> <!-- PetTests -->
